<?xml version="1.0" encoding="UTF-8"?>
<!-- Generated by org.testng.reporters.JUnitReportReporter -->
<testsuite hostname="LAPTOP-D1O2GJ92" failures="0" tests="1" name="Destiny.testCases.LoginPage" time="11.698" errors="0" timestamp="28 Apr 2020 07:30:05 GMT" skipped="0">
  <testcase classname="Destiny.testCases.LoginPage" name="Login" time="11.698"/>
</testsuite> <!-- Destiny.testCases.LoginPage -->
